Arguments: 
  /usr/local/bin/node /opt/yarn-v1.22.15/bin/yarn.js create react-app app --template typescript

PATH: 
  /usr/local/sbin:/usr/local/bin:/usr/sbin:/usr/bin:/sbin:/bin

Yarn version: 
  1.22.15

Node version: 
  14.18.3

Platform: 
  linux x64

Trace: 
  SyntaxError: /usr/src/app/package.json: Unexpected end of JSON input
      at JSON.parse (<anonymous>)
      at /opt/yarn-v1.22.15/lib/cli.js:1625:59
      at Generator.next (<anonymous>)
      at step (/opt/yarn-v1.22.15/lib/cli.js:310:30)
      at /opt/yarn-v1.22.15/lib/cli.js:321:13

npm manifest: 
  

yarn manifest: 
  No manifest

Lockfile: 
  No lockfile
